# version: 1
# target_url: http://127.0.0.1:6797
# target_type: R/Shiny
{"type":"REQ_HOME","begin":"2023-03-22T13:55:06.628Z","end":"2023-03-22T13:55:07.295Z","status":200,"url":"/"}
{"type":"REQ_GET","begin":"2023-03-22T13:55:09.148Z","end":"2023-03-22T13:55:09.148Z","status":200,"url":"/shiny-css-1.7.4/shiny.min.css"}
{"type":"REQ_GET","begin":"2023-03-22T13:55:09.152Z","end":"2023-03-22T13:55:09.156Z","status":200,"url":"/jquery-3.6.0/jquery.min.js"}
{"type":"REQ_GET","begin":"2023-03-22T13:55:09.158Z","end":"2023-03-22T13:55:09.166Z","status":200,"url":"/shiny-javascript-1.7.4/shiny.min.js"}
{"type":"REQ_GET","begin":"2023-03-22T13:55:09.658Z","end":"2023-03-22T13:55:09.661Z","status":200,"url":"/font-awesome-6.2.1/css/all.min.css"}
{"type":"REQ_GET","begin":"2023-03-22T13:55:10.491Z","end":"2023-03-22T13:55:10.492Z","status":200,"url":"/font-awesome-6.2.1/css/v4-shims.min.css"}
{"type":"REQ_GET","begin":"2023-03-22T13:55:11.227Z","end":"2023-03-22T13:55:11.227Z","status":200,"url":"/shinyWidgets/shinyWidgets.min.css"}
{"type":"REQ_GET","begin":"2023-03-22T13:55:11.314Z","end":"2023-03-22T13:55:11.315Z","status":200,"url":"/shinyWidgets/bootstrap-select/css/bootstrap-select.min.css"}
{"type":"REQ_GET","begin":"2023-03-22T13:55:11.542Z","end":"2023-03-22T13:55:11.543Z","status":200,"url":"/ionrangeslider-css-2.3.1/css/ion.rangeSlider.css"}
{"type":"REQ_GET","begin":"2023-03-22T13:55:11.803Z","end":"2023-03-22T13:55:11.803Z","status":200,"url":"/selectize-0.12.4/css/selectize.bootstrap3.css"}
{"type":"REQ_GET","begin":"2023-03-22T13:55:12.131Z","end":"2023-03-22T13:55:12.132Z","status":200,"url":"/shinyWidgets/bttn/bttn.min.css"}
{"type":"REQ_GET","begin":"2023-03-22T13:55:12.478Z","end":"2023-03-22T13:55:12.479Z","status":200,"url":"/datatables-css-0.0.0/datatables-crosstalk.css"}
{"type":"REQ_GET","begin":"2023-03-22T13:55:12.632Z","end":"2023-03-22T13:55:12.632Z","status":200,"url":"/crosstalk-1.2.0/css/crosstalk.min.css"}
{"type":"REQ_GET","begin":"2023-03-22T13:55:12.713Z","end":"2023-03-22T13:55:12.716Z","status":200,"url":"/bootstrap-3.4.1/css/bootstrap.min.css"}
{"type":"REQ_GET","begin":"2023-03-22T13:55:12.733Z","end":"2023-03-22T13:55:12.733Z","status":200,"url":"/bootstrap-3.4.1/accessibility/css/bootstrap-accessibility.min.css"}
{"type":"REQ_GET","begin":"2023-03-22T13:55:12.920Z","end":"2023-03-22T13:55:12.922Z","status":200,"url":"/AdminLTE-2.0.6/AdminLTE.min.css"}
{"type":"REQ_GET","begin":"2023-03-22T13:55:13.323Z","end":"2023-03-22T13:55:13.324Z","status":200,"url":"/AdminLTE-2.0.6/_all-skins.min.css"}
{"type":"REQ_GET","begin":"2023-03-22T13:55:13.459Z","end":"2023-03-22T13:55:13.459Z","status":200,"url":"/shinydashboard-0.7.2/shinydashboard.css"}
{"type":"REQ_GET","begin":"2023-03-22T13:55:13.547Z","end":"2023-03-22T13:55:13.550Z","status":200,"url":"/shinythemes/css/flatly.min.css"}
{"type":"REQ_GET","begin":"2023-03-22T13:55:13.888Z","end":"2023-03-22T13:55:13.889Z","status":200,"url":"/shinycssloaders-assets/spinner.css"}
{"type":"REQ_GET","begin":"2023-03-22T13:55:13.892Z","end":"2023-03-22T13:55:13.892Z","status":200,"url":"/shinycssloaders-assets/css-loaders.css"}
{"type":"REQ_GET","begin":"2023-03-22T13:55:13.975Z","end":"2023-03-22T13:55:13.976Z","status":200,"url":"/shinyWidgets/shinyWidgets-bindings.min.js"}
{"type":"REQ_GET","begin":"2023-03-22T13:55:14.200Z","end":"2023-03-22T13:55:14.202Z","status":200,"url":"/shinyWidgets/bootstrap-select/js/bootstrap-select.min.js"}
{"type":"REQ_GET","begin":"2023-03-22T13:55:14.212Z","end":"2023-03-22T13:55:14.214Z","status":200,"url":"/ionrangeslider-javascript-2.3.1/js/ion.rangeSlider.min.js"}
{"type":"REQ_GET","begin":"2023-03-22T13:55:14.411Z","end":"2023-03-22T13:55:14.411Z","status":200,"url":"/strftime-0.9.2/strftime-min.js"}
{"type":"REQ_GET","begin":"2023-03-22T13:55:14.496Z","end":"2023-03-22T13:55:14.498Z","status":200,"url":"/selectize-0.12.4/js/selectize.min.js"}
{"type":"REQ_GET","begin":"2023-03-22T13:55:15.325Z","end":"2023-03-22T13:55:15.325Z","status":200,"url":"/selectize-0.12.4/accessibility/js/selectize-plugin-a11y.min.js"}
{"type":"REQ_GET","begin":"2023-03-22T13:55:15.475Z","end":"2023-03-22T13:55:15.475Z","status":200,"url":"/shinyWidgets/dropdown/dropdown-click.js"}
{"type":"REQ_GET","begin":"2023-03-22T13:55:15.703Z","end":"2023-03-22T13:55:15.705Z","status":200,"url":"/htmlwidgets-1.6.2/htmlwidgets.js"}
{"type":"REQ_GET","begin":"2023-03-22T13:55:15.765Z","end":"2023-03-22T13:55:15.768Z","status":200,"url":"/datatables-binding-0.27/datatables.js"}
{"type":"REQ_GET","begin":"2023-03-22T13:55:15.846Z","end":"2023-03-22T13:55:15.847Z","status":200,"url":"/crosstalk-1.2.0/js/crosstalk.min.js"}
{"type":"REQ_GET","begin":"2023-03-22T13:55:16.059Z","end":"2023-03-22T13:55:16.068Z","status":200,"url":"/d3-4.5.0/d3.min.js"}
{"type":"REQ_GET","begin":"2023-03-22T13:55:16.611Z","end":"2023-03-22T13:55:16.611Z","status":200,"url":"/forceNetwork-binding-0.4/forceNetwork.js"}
{"type":"REQ_GET","begin":"2023-03-22T13:55:17.152Z","end":"2023-03-22T13:55:17.154Z","status":200,"url":"/plotly-binding-4.10.1/plotly.js"}
{"type":"REQ_GET","begin":"2023-03-22T13:55:17.608Z","end":"2023-03-22T13:55:17.609Z","status":200,"url":"/bootstrap-3.4.1/js/bootstrap.min.js"}
{"type":"REQ_GET","begin":"2023-03-22T13:55:17.824Z","end":"2023-03-22T13:55:17.824Z","status":200,"url":"/bootstrap-3.4.1/accessibility/js/bootstrap-accessibility.min.js"}
{"type":"REQ_GET","begin":"2023-03-22T13:55:17.896Z","end":"2023-03-22T13:55:17.897Z","status":200,"url":"/AdminLTE-2.0.6/app.min.js"}
{"type":"REQ_GET","begin":"2023-03-22T13:55:17.983Z","end":"2023-03-22T13:55:17.984Z","status":200,"url":"/shinydashboard-0.7.2/shinydashboard.min.js"}
{"type":"REQ_GET","begin":"2023-03-22T13:55:18.140Z","end":"2023-03-22T13:55:18.141Z","status":200,"url":"/shinycssloaders-assets/spinner.js"}
{"type":"REQ_GET","begin":"2023-03-22T13:55:18.893Z","end":"2023-03-22T13:55:18.895Z","status":200,"url":"/img/umap.by_major_cluster.png"}
{"type":"REQ_GET","begin":"2023-03-22T13:55:19.542Z","end":"2023-03-22T13:55:19.545Z","status":200,"url":"/img/umap.by_disease.png"}
{"type":"REQ_GET","begin":"2023-03-22T13:55:20.397Z","end":"2023-03-22T13:55:20.399Z","status":200,"url":"/img/umap.by_tissue.png"}
{"type":"REQ_GET","begin":"2023-03-22T13:55:20.408Z","end":"2023-03-22T13:55:20.410Z","status":200,"url":"/img/umap.by_stage.png"}
{"type":"REQ_GET","begin":"2023-03-22T13:55:20.554Z","end":"2023-03-22T13:55:20.556Z","status":200,"url":"/img/umap.by_tissue.sub.png"}
{"type":"REQ_GET","begin":"2023-03-22T13:55:21.036Z","end":"2023-03-22T13:55:21.039Z","status":200,"url":"/img/umap.by_dataset.png"}
{"type":"REQ_GET","begin":"2023-03-22T13:55:21.713Z","end":"2023-03-22T13:55:21.716Z","status":200,"url":"/shinythemes/fonts/Lato_400.ttf"}
{"type":"REQ_GET","begin":"2023-03-22T13:55:22.067Z","end":"2023-03-22T13:55:22.070Z","status":200,"url":"/shinythemes/fonts/Lato_700.ttf"}
{"type":"REQ_GET","begin":"2023-03-22T13:55:22.843Z","end":"2023-03-22T13:55:22.848Z","status":200,"url":"/img/umap.by_minor_cluster.png"}
